2026-04-20 16:48:37,258 - mysql.connector - INFO - package: mysql.connector.plugins
2026-04-20 16:48:37,259 - mysql.connector - INFO - plugin_name: mysql_native_password
2026-04-20 16:48:37,264 - mysql.connector - INFO - AUTHENTICATION_PLUGIN_CLASS: MySQLNativePasswordAuthPlugin
2026-04-20 16:48:37,266 - AI_Teaching_Assistant - INFO - ✅ 主数据库连接成功
2026-04-20 16:48:37,306 - AI_Teaching_Assistant - INFO - ✅ 答疑数据库连接成功
2026-04-20 16:48:37,354 - AI_Teaching_Assistant - INFO - ✅ RAG 知识库连接成功
2026-04-20 16:48:37,355 - AI_Teaching_Assistant - INFO - ✅ 数据库连接成功：ai_teaching_assistant
2026-04-20 16:48:37,356 - AI_Teaching_Assistant - INFO - ✅ 数据库连接成功：ai_qa_records
2026-04-20 16:48:37,356 - AI_Teaching_Assistant - INFO - ✅ 数据库连接成功：ai_rag_knowledge
2026-04-20 16:48:37,409 - AI_Teaching_Assistant - INFO - ✅ 从 RAG 数据库恢复了 93 个文档
2026-04-20 20:03:20,573 - mysql.connector - INFO - package: mysql.connector.plugins
2026-04-20 20:03:20,574 - mysql.connector - INFO - plugin_name: mysql_native_password
2026-04-20 20:03:20,576 - mysql.connector - INFO - AUTHENTICATION_PLUGIN_CLASS: MySQLNativePasswordAuthPlugin
2026-04-20 20:03:23,574 - AI_Teaching_Assistant - INFO - ✅ 主数据库连接成功
2026-04-20 20:03:23,577 - AI_Teaching_Assistant - INFO - ✅ 答疑数据库连接成功
2026-04-20 20:03:23,579 - AI_Teaching_Assistant - INFO - ✅ RAG 知识库连接成功
2026-04-20 20:03:23,580 - AI_Teaching_Assistant - INFO - ✅ 数据库连接成功：ai_teaching_assistant
2026-04-20 20:03:23,580 - AI_Teaching_Assistant - INFO - ✅ 数据库连接成功：ai_qa_records
2026-04-20 20:03:23,581 - AI_Teaching_Assistant - INFO - ✅ 数据库连接成功：ai_rag_knowledge
2026-04-20 20:03:23,606 - AI_Teaching_Assistant - INFO - ✅ 从 RAG 数据库恢复了 93 个文档
